<?xml version="1.0" encoding="UTF-8"?>
<testng-results ignored="0" total="1" passed="1" failed="0" skipped="0">
  <reporter-output>
  </reporter-output>
  <suite started-at="2022-12-18T08:51:44 IST" name="Default suite" finished-at="2022-12-18T08:53:00 IST" duration-ms="75454">
    <groups>
    </groups>
    <test started-at="2022-12-18T08:51:44 IST" name="Default test" finished-at="2022-12-18T08:53:00 IST" duration-ms="75454">
      <class name="testNGClass.ValidateACBalanceTest">
        <test-method is-config="true" signature="launchNeoStox()[pri:0, instance:testNGClass.ValidateACBalanceTest@6a84a97d]" started-at="2022-12-18T08:51:44 IST" name="launchNeoStox" finished-at="2022-12-18T08:51:49 IST" duration-ms="4633" status="PASS">
          <reporter-output>
          </reporter-output>
        </test-method> <!-- launchNeoStox -->
        <test-method is-config="true" signature="loginToNeoStox()[pri:0, instance:testNGClass.ValidateACBalanceTest@6a84a97d]" started-at="2022-12-18T08:51:49 IST" name="loginToNeoStox" finished-at="2022-12-18T08:52:43 IST" duration-ms="53823" status="PASS">
          <reporter-output>
          </reporter-output>
        </test-method> <!-- loginToNeoStox -->
        <test-method signature="validateAcBalance()[pri:0, instance:testNGClass.ValidateACBalanceTest@6a84a97d]" started-at="2022-12-18T08:52:43 IST" name="validateAcBalance" finished-at="2022-12-18T08:52:43 IST" duration-ms="52" status="PASS">
          <reporter-output>
          </reporter-output>
        </test-method> <!-- validateAcBalance -->
        <test-method is-config="true" signature="logout()[pri:0, instance:testNGClass.ValidateACBalanceTest@6a84a97d]" started-at="2022-12-18T08:52:43 IST" name="logout" finished-at="2022-12-18T08:52:43 IST" duration-ms="142" status="PASS">
          <reporter-output>
          </reporter-output>
        </test-method> <!-- logout -->
        <test-method is-config="true" signature="closeApplication()[pri:0, instance:testNGClass.ValidateACBalanceTest@6a84a97d]" started-at="2022-12-18T08:52:43 IST" name="closeApplication" finished-at="2022-12-18T08:53:00 IST" duration-ms="16758" status="PASS">
          <reporter-output>
          </reporter-output>
        </test-method> <!-- closeApplication -->
      </class> <!-- testNGClass.ValidateACBalanceTest -->
    </test> <!-- Default test -->
  </suite> <!-- Default suite -->
</testng-results>
